Unity Editor version:    2022.1.16f1 (7321c9670bc2)
Branch:                  2022.1/staging
Build type:              Release
Batch mode:              YES
macOS version:           Version 11.2.1 (Build 20D74)
Darwin version:          20.3.0
Architecture:            x86_64
Running under Rosetta:   NO
Available memory:        16384 MB
Using pre-set license
Pro License: YES

COMMAND LINE ARGUMENTS:
/Users/game5/Desktop/2022.1.16f1/Unity.app/Contents/MacOS/Unity
-adb2
-batchMode
-noUpm
-name
AssetImportWorker3
-projectPath
/Users/game5/ZombieReboot
-logFile
Logs/AssetImportWorker3.log
-srvPort
54232
Successfully changed project path to: /Users/game5/ZombieReboot
Could not lock editor preferences. Preferences updates for this instance of Unity will not be saved./Users/game5/ZombieReboot
[UnityMemory] Configuration Parameters - Can be set up in boot.config
    "memorysetup-bucket-allocator-granularity=16"
    "memorysetup-bucket-allocator-bucket-count=8"
    "memorysetup-bucket-allocator-block-size=33554432"
    "memorysetup-bucket-allocator-block-count=8"
    "memorysetup-main-allocator-block-size=16777216"
    "memorysetup-thread-allocator-block-size=16777216"
    "memorysetup-gfx-main-allocator-block-size=16777216"
    "memorysetup-gfx-thread-allocator-block-size=16777216"
    "memorysetup-cache-allocator-block-size=4194304"
    "memorysetup-typetree-allocator-block-size=2097152"
    "memorysetup-profiler-bucket-allocator-granularity=16"
    "memorysetup-profiler-bucket-allocator-bucket-count=8"
    "memorysetup-profiler-bucket-allocator-block-size=33554432"
    "memorysetup-profiler-bucket-allocator-block-count=8"
    "memorysetup-profiler-allocator-block-size=16777216"
    "memorysetup-profiler-editor-allocator-block-size=1048576"
    "memorysetup-temp-allocator-size-main=16777216"
    "memorysetup-job-temp-allocator-block-size=2097152"
    "memorysetup-job-temp-allocator-block-size-background=1048576"
    "memorysetup-job-temp-allocator-reduction-small-platforms=262144"
    "memorysetup-temp-allocator-size-background-worker=32768"
    "memorysetup-temp-allocator-size-job-worker=262144"
    "memorysetup-temp-allocator-size-preload-manager=33554432"
    "memorysetup-temp-allocator-size-nav-mesh-worker=65536"
    "memorysetup-temp-allocator-size-audio-worker=65536"
    "memorysetup-temp-allocator-size-cloud-worker=32768"
    "memorysetup-temp-allocator-size-gi-baking-worker=262144"
    "memorysetup-temp-allocator-size-gfx=262144"
Refreshing native plugins compatible for Editor in 117.61 ms, found 3 plugins.
Preloading 0 native plugins for Editor in 0.00 ms.
Initialize engine version: 2022.1.16f1 (7321c9670bc2)
[Subsystems] Discovering subsystems at path /Users/game5/Desktop/2022.1.16f1/Unity.app/Contents/Resources/UnitySubsystems
[Subsystems] Discovering subsystems at path /Users/game5/ZombieReboot/Assets
GfxDevice: creating device client; threaded=0; jobified=0
iMac preferred device: AMD Radeon Pro 5500 XT (high power)
Metal devices available: 1
0: AMD Radeon Pro 5500 XT (high power)
Using device AMD Radeon Pro 5500 XT (high power)
Initializing Metal device caps: AMD Radeon Pro 5500 XT
Initialize mono
Mono path[0] = '/Users/game5/Desktop/2022.1.16f1/Unity.app/Contents/Managed'
Mono path[1] = '/Users/game5/Desktop/2022.1.16f1/Unity.app/Contents/MonoBleedingEdge/lib/mono/unityjit-macos'
Mono config path = '/Users/game5/Desktop/2022.1.16f1/Unity.app/Contents/MonoBleedingEdge/etc'
Using monoOptions --debugger-agent=transport=dt_socket,embedding=1,server=y,suspend=n,address=127.0.0.1:56411
Begin MonoManager ReloadAssembly
Registering precompiled unity dll's ...
Register platform support module: /Users/game5/Desktop/2022.1.16f1/Unity.app/Contents/PlaybackEngines/MacStandaloneSupport/UnityEditor.OSXStandalone.Extensions.dll
Register platform support module: /Users/game5/Desktop/2022.1.16f1/PlaybackEngines/WindowsStandaloneSupport/UnityEditor.WindowsStandalone.Extensions.dll
Registered in 0.003558 seconds.
Native extension for WindowsStandalone target not found
Native extension for OSXStandalone target not found
Refreshing native plugins compatible for Editor in 104.97 ms, found 3 plugins.
Preloading 0 native plugins for Editor in 0.00 ms.
Mono: successfully reloaded assembly
- Completed reload, in  0.808 seconds
Domain Reload Profiling:
	ReloadAssembly (808ms)
		BeginReloadAssembly (118ms)
			ExecutionOrderSort (0ms)
			DisableScriptedObjects (0ms)
			BackupInstance (0ms)
			ReleaseScriptingObjects (0ms)
			CreateAndSetChildDomain (1ms)
		EndReloadAssembly (570ms)
			LoadAssemblies (120ms)
			RebuildTransferFunctionScriptingTraits (0ms)
			SetupTypeCache (174ms)
				TypeCache.Initialize (173ms)
					TypeCache.ScanAssembly (172ms)
				ResolveRequiredComponents (1ms)
			ReleaseScriptCaches (0ms)
			RebuildScriptCaches (34ms)
			SetupLoadedEditorAssemblies (306ms)
				LogAssemblyErrors (0ms)
				InitializePlatformSupportModulesInManaged (7ms)
				SetLoadedEditorAssemblies (7ms)
				RefreshPlugins (105ms)
				BeforeProcessingInitializeOnLoad (2ms)
				ProcessInitializeOnLoadAttributes (139ms)
				ProcessInitializeOnLoadMethodAttributes (46ms)
				AfterProcessingInitializeOnLoad (0ms)
				EditorAssembliesLoaded (0ms)
			ExecutionOrderSort2 (0ms)
			AwakeInstancesAfterBackupRestoration (0ms)
Platform modules already initialized, skipping
Registering precompiled user dll's ...
Registered in 0.010570 seconds.
Begin MonoManager ReloadAssembly
Symbol file LoadedFromMemory doesn't match image /Users/game5/ZombieReboot/Library/PackageCache/com.unity.visualscripting@1.7.8/Editor/VisualScripting.Core/Dependencies/YamlDotNet/Unity.VisualScripting.YamlDotNet.dll
Symbol file LoadedFromMemory doesn't match image /Users/game5/ZombieReboot/Library/PackageCache/com.unity.visualscripting@1.7.8/Editor/VisualScripting.Core/Dependencies/DotNetZip/Unity.VisualScripting.IonicZip.dll
Native extension for WindowsStandalone target not found
Native extension for OSXStandalone target not found
Refreshing native plugins compatible for Editor in 104.67 ms, found 3 plugins.
Preloading 0 native plugins for Editor in 0.00 ms.
Mono: successfully reloaded assembly
- Completed reload, in  1.525 seconds
Domain Reload Profiling:
	ReloadAssembly (1526ms)
		BeginReloadAssembly (119ms)
			ExecutionOrderSort (0ms)
			DisableScriptedObjects (6ms)
			BackupInstance (0ms)
			ReleaseScriptingObjects (0ms)
			CreateAndSetChildDomain (32ms)
		EndReloadAssembly (1281ms)
			LoadAssemblies (145ms)
			RebuildTransferFunctionScriptingTraits (0ms)
			SetupTypeCache (342ms)
				TypeCache.Initialize (328ms)
					TypeCache.ScanAssembly (324ms)
				ResolveRequiredComponents (15ms)
			ReleaseScriptCaches (1ms)
			RebuildScriptCaches (79ms)
			SetupLoadedEditorAssemblies (647ms)
				LogAssemblyErrors (0ms)
				InitializePlatformSupportModulesInManaged (4ms)
				SetLoadedEditorAssemblies (8ms)
				RefreshPlugins (105ms)
				BeforeProcessingInitializeOnLoad (111ms)
				ProcessInitializeOnLoadAttributes (314ms)
				ProcessInitializeOnLoadMethodAttributes (104ms)
				AfterProcessingInitializeOnLoad (1ms)
				EditorAssembliesLoaded (0ms)
			ExecutionOrderSort2 (0ms)
			AwakeInstancesAfterBackupRestoration (4ms)
Platform modules already initialized, skipping
========================================================================
Worker process is ready to serve import requests
Launching external process: /Users/game5/Desktop/2022.1.16f1/Unity.app/Contents/Tools/UnityShaderCompiler
Launched and connected shader compiler UnityShaderCompiler after 0.01 seconds
Refreshing native plugins compatible for Editor in 0.74 ms, found 3 plugins.
Preloading 0 native plugins for Editor in 0.00 ms.
Unloading 5539 Unused Serialized files (Serialized files now loaded: 0)
Unloading 45 unused Assets / (0.8 MB). Loaded Objects now: 5991.
Memory consumption went from 0.97 GB to 0.97 GB.
Total: 4.311868 ms (FindLiveObjects: 0.432239 ms CreateObjectMapping: 0.616730 ms MarkObjects: 2.897079 ms  DeleteObjects: 0.365071 ms)

AssetImportParameters requested are different than current active one (requested -> active):
  custom:video-decoder-ogg-theora: a1e56fd34408186e4bbccfd4996cb3dc -> 
  custom:container-muxer-webm: aa71ff27fc2769a1b78a27578f13a17b -> 
  custom:container-demuxer-webm: 4f35f7cbe854078d1ac9338744f61a02 -> 
  custom:video-encoder-webm-vp8: eb34c28f22e8b96e1ab97ce403110664 -> 
  custom:framework-osx-AVFoundation: e770b220cccbd017edd2c1fefb359320 -> 
  custom:audio-encoder-webm-vorbis: bf7c407c2cedff20999df2af8eb42d56 -> 
  custom:container-demuxer-ogg: 62fdf1f143b41e24485cea50d1cbac27 -> 
  custom:video-decoder-webm-vp8: 9c59270c3fd7afecdb556c50c9e8de78 -> 
  custom:audio-decoder-ogg-vorbis: bf7c407c2cedff20999df2af8eb42d56 -> 
========================================================================
Received Import Request.
  Time since last request: 85077.119351 seconds.
  path: Assets/Gothicvania-Town/Art/Environment/sliced-tileset/ground-right-corner.png
  artifactKey: Guid(73bf59460e67f499ea715394227198d4) Importer(815301076,1909f56bfc062723c751e8b465ee728b)
Start importing Assets/Gothicvania-Town/Art/Environment/sliced-tileset/ground-right-corner.png using Guid(73bf59460e67f499ea715394227198d4) Importer(815301076,1909f56bfc062723c751e8b465ee728b)  -> (artifact id: 'c12076ebbcebe43fce77a9bc7e970c40') in 1.218651 seconds 
========================================================================
Received Prepare
Registering precompiled user dll's ...
Registered in 0.002832 seconds.
Begin MonoManager ReloadAssembly
Symbol file LoadedFromMemory doesn't match image /Users/game5/ZombieReboot/Library/PackageCache/com.unity.visualscripting@1.7.8/Editor/VisualScripting.Core/Dependencies/YamlDotNet/Unity.VisualScripting.YamlDotNet.dll
Symbol file LoadedFromMemory doesn't match image /Users/game5/ZombieReboot/Library/PackageCache/com.unity.visualscripting@1.7.8/Editor/VisualScripting.Core/Dependencies/DotNetZip/Unity.VisualScripting.IonicZip.dll
Native extension for WindowsStandalone target not found
Native extension for OSXStandalone target not found
Refreshing native plugins compatible for Editor in 1.37 ms, found 3 plugins.
Preloading 0 native plugins for Editor in 0.00 ms.
Mono: successfully reloaded assembly
- Completed reload, in  1.413 seconds
Domain Reload Profiling:
	ReloadAssembly (1414ms)
		BeginReloadAssembly (175ms)
			ExecutionOrderSort (0ms)
			DisableScriptedObjects (9ms)
			BackupInstance (0ms)
			ReleaseScriptingObjects (0ms)
			CreateAndSetChildDomain (81ms)
		EndReloadAssembly (1131ms)
			LoadAssemblies (95ms)
			RebuildTransferFunctionScriptingTraits (0ms)
			SetupTypeCache (356ms)
				TypeCache.Initialize (342ms)
					TypeCache.ScanAssembly (336ms)
				ResolveRequiredComponents (14ms)
			ReleaseScriptCaches (2ms)
			RebuildScriptCaches (68ms)
			SetupLoadedEditorAssemblies (549ms)
				LogAssemblyErrors (0ms)
				InitializePlatformSupportModulesInManaged (10ms)
				SetLoadedEditorAssemblies (10ms)
				RefreshPlugins (1ms)
				BeforeProcessingInitializeOnLoad (86ms)
				ProcessInitializeOnLoadAttributes (332ms)
				ProcessInitializeOnLoadMethodAttributes (107ms)
				AfterProcessingInitializeOnLoad (2ms)
				EditorAssembliesLoaded (0ms)
			ExecutionOrderSort2 (0ms)
			AwakeInstancesAfterBackupRestoration (7ms)
Platform modules already initialized, skipping
Refreshing native plugins compatible for Editor in 2.00 ms, found 3 plugins.
Preloading 0 native plugins for Editor in 0.00 ms.
Unloading 5461 Unused Serialized files (Serialized files now loaded: 0)
Unloading 32 unused Assets / (0.7 MB). Loaded Objects now: 6000.
Memory consumption went from 0.97 GB to 0.97 GB.
Total: 5.432496 ms (FindLiveObjects: 0.452129 ms CreateObjectMapping: 0.526980 ms MarkObjects: 4.046164 ms  DeleteObjects: 0.406170 ms)

AssetImportParameters requested are different than current active one (requested -> active):
  custom:video-decoder-ogg-theora: a1e56fd34408186e4bbccfd4996cb3dc -> 
  custom:container-muxer-webm: aa71ff27fc2769a1b78a27578f13a17b -> 
  custom:container-demuxer-webm: 4f35f7cbe854078d1ac9338744f61a02 -> 
  custom:video-encoder-webm-vp8: eb34c28f22e8b96e1ab97ce403110664 -> 
  custom:framework-osx-AVFoundation: e770b220cccbd017edd2c1fefb359320 -> 
  custom:audio-encoder-webm-vorbis: bf7c407c2cedff20999df2af8eb42d56 -> 
  custom:container-demuxer-ogg: 62fdf1f143b41e24485cea50d1cbac27 -> 
  custom:video-decoder-webm-vp8: 9c59270c3fd7afecdb556c50c9e8de78 -> 
  custom:audio-decoder-ogg-vorbis: bf7c407c2cedff20999df2af8eb42d56 -> 
========================================================================
Received Prepare
Registering precompiled user dll's ...
Registered in 0.003460 seconds.
Begin MonoManager ReloadAssembly
Symbol file LoadedFromMemory doesn't match image /Users/game5/ZombieReboot/Library/PackageCache/com.unity.visualscripting@1.7.8/Editor/VisualScripting.Core/Dependencies/YamlDotNet/Unity.VisualScripting.YamlDotNet.dll
Symbol file LoadedFromMemory doesn't match image /Users/game5/ZombieReboot/Library/PackageCache/com.unity.visualscripting@1.7.8/Editor/VisualScripting.Core/Dependencies/DotNetZip/Unity.VisualScripting.IonicZip.dll
Native extension for WindowsStandalone target not found
Native extension for OSXStandalone target not found
Refreshing native plugins compatible for Editor in 0.90 ms, found 3 plugins.
Preloading 0 native plugins for Editor in 0.00 ms.
Mono: successfully reloaded assembly
- Completed reload, in  1.322 seconds
Domain Reload Profiling:
	ReloadAssembly (1323ms)
		BeginReloadAssembly (159ms)
			ExecutionOrderSort (0ms)
			DisableScriptedObjects (8ms)
			BackupInstance (0ms)
			ReleaseScriptingObjects (0ms)
			CreateAndSetChildDomain (73ms)
		EndReloadAssembly (1060ms)
			LoadAssemblies (85ms)
			RebuildTransferFunctionScriptingTraits (0ms)
			SetupTypeCache (337ms)
				TypeCache.Initialize (321ms)
					TypeCache.ScanAssembly (317ms)
				ResolveRequiredComponents (15ms)
			ReleaseScriptCaches (2ms)
			RebuildScriptCaches (64ms)
			SetupLoadedEditorAssemblies (502ms)
				LogAssemblyErrors (0ms)
				InitializePlatformSupportModulesInManaged (11ms)
				SetLoadedEditorAssemblies (9ms)
				RefreshPlugins (1ms)
				BeforeProcessingInitializeOnLoad (88ms)
				ProcessInitializeOnLoadAttributes (291ms)
				ProcessInitializeOnLoadMethodAttributes (100ms)
				AfterProcessingInitializeOnLoad (1ms)
				EditorAssembliesLoaded (0ms)
			ExecutionOrderSort2 (0ms)
			AwakeInstancesAfterBackupRestoration (7ms)
Platform modules already initialized, skipping
Refreshing native plugins compatible for Editor in 2.47 ms, found 3 plugins.
Preloading 0 native plugins for Editor in 0.00 ms.
Unloading 5461 Unused Serialized files (Serialized files now loaded: 0)
Unloading 32 unused Assets / (0.7 MB). Loaded Objects now: 6003.
Memory consumption went from 0.97 GB to 0.97 GB.
Total: 5.852938 ms (FindLiveObjects: 0.653460 ms CreateObjectMapping: 0.712267 ms MarkObjects: 3.902704 ms  DeleteObjects: 0.583250 ms)

AssetImportParameters requested are different than current active one (requested -> active):
  custom:video-decoder-ogg-theora: a1e56fd34408186e4bbccfd4996cb3dc -> 
  custom:container-muxer-webm: aa71ff27fc2769a1b78a27578f13a17b -> 
  custom:container-demuxer-webm: 4f35f7cbe854078d1ac9338744f61a02 -> 
  custom:video-encoder-webm-vp8: eb34c28f22e8b96e1ab97ce403110664 -> 
  custom:framework-osx-AVFoundation: e770b220cccbd017edd2c1fefb359320 -> 
  custom:audio-encoder-webm-vorbis: bf7c407c2cedff20999df2af8eb42d56 -> 
  custom:container-demuxer-ogg: 62fdf1f143b41e24485cea50d1cbac27 -> 
  custom:video-decoder-webm-vp8: 9c59270c3fd7afecdb556c50c9e8de78 -> 
  custom:audio-decoder-ogg-vorbis: bf7c407c2cedff20999df2af8eb42d56 -> 
========================================================================
Received Prepare
Registering precompiled user dll's ...
Registered in 0.003112 seconds.
Begin MonoManager ReloadAssembly
Symbol file LoadedFromMemory doesn't match image /Users/game5/ZombieReboot/Library/PackageCache/com.unity.visualscripting@1.7.8/Editor/VisualScripting.Core/Dependencies/YamlDotNet/Unity.VisualScripting.YamlDotNet.dll
Symbol file LoadedFromMemory doesn't match image /Users/game5/ZombieReboot/Library/PackageCache/com.unity.visualscripting@1.7.8/Editor/VisualScripting.Core/Dependencies/DotNetZip/Unity.VisualScripting.IonicZip.dll
Native extension for WindowsStandalone target not found
Native extension for OSXStandalone target not found
Refreshing native plugins compatible for Editor in 0.83 ms, found 3 plugins.
Preloading 0 native plugins for Editor in 0.00 ms.
Mono: successfully reloaded assembly
- Completed reload, in  1.295 seconds
Domain Reload Profiling:
	ReloadAssembly (1296ms)
		BeginReloadAssembly (153ms)
			ExecutionOrderSort (0ms)
			DisableScriptedObjects (8ms)
			BackupInstance (0ms)
			ReleaseScriptingObjects (0ms)
			CreateAndSetChildDomain (72ms)
		EndReloadAssembly (1042ms)
			LoadAssemblies (81ms)
			RebuildTransferFunctionScriptingTraits (0ms)
			SetupTypeCache (335ms)
				TypeCache.Initialize (320ms)
					TypeCache.ScanAssembly (316ms)
				ResolveRequiredComponents (14ms)
			ReleaseScriptCaches (2ms)
			RebuildScriptCaches (83ms)
			SetupLoadedEditorAssemblies (475ms)
				LogAssemblyErrors (0ms)
				InitializePlatformSupportModulesInManaged (11ms)
				SetLoadedEditorAssemblies (8ms)
				RefreshPlugins (1ms)
				BeforeProcessingInitializeOnLoad (82ms)
				ProcessInitializeOnLoadAttributes (278ms)
				ProcessInitializeOnLoadMethodAttributes (93ms)
				AfterProcessingInitializeOnLoad (1ms)
				EditorAssembliesLoaded (0ms)
			ExecutionOrderSort2 (0ms)
			AwakeInstancesAfterBackupRestoration (7ms)
Platform modules already initialized, skipping
Refreshing native plugins compatible for Editor in 1.61 ms, found 3 plugins.
Preloading 0 native plugins for Editor in 0.00 ms.
Unloading 5461 Unused Serialized files (Serialized files now loaded: 0)
Unloading 32 unused Assets / (0.7 MB). Loaded Objects now: 6006.
Memory consumption went from 0.97 GB to 0.97 GB.
Total: 3.754702 ms (FindLiveObjects: 0.318632 ms CreateObjectMapping: 0.359979 ms MarkObjects: 2.772054 ms  DeleteObjects: 0.303416 ms)

AssetImportParameters requested are different than current active one (requested -> active):
  custom:video-decoder-ogg-theora: a1e56fd34408186e4bbccfd4996cb3dc -> 
  custom:container-muxer-webm: aa71ff27fc2769a1b78a27578f13a17b -> 
  custom:container-demuxer-webm: 4f35f7cbe854078d1ac9338744f61a02 -> 
  custom:video-encoder-webm-vp8: eb34c28f22e8b96e1ab97ce403110664 -> 
  custom:framework-osx-AVFoundation: e770b220cccbd017edd2c1fefb359320 -> 
  custom:audio-encoder-webm-vorbis: bf7c407c2cedff20999df2af8eb42d56 -> 
  custom:container-demuxer-ogg: 62fdf1f143b41e24485cea50d1cbac27 -> 
  custom:video-decoder-webm-vp8: 9c59270c3fd7afecdb556c50c9e8de78 -> 
  custom:audio-decoder-ogg-vorbis: bf7c407c2cedff20999df2af8eb42d56 -> 
========================================================================
Received Import Request.
  Time since last request: 79.674115 seconds.
  path: Assets/GothicVania Church/Sprites/Misc/Enemy-Death/Enemy-Death-2.png
  artifactKey: Guid(05693a8fd758747cab019551188b0447) Importer(815301076,1909f56bfc062723c751e8b465ee728b)
Start importing Assets/GothicVania Church/Sprites/Misc/Enemy-Death/Enemy-Death-2.png using Guid(05693a8fd758747cab019551188b0447) Importer(815301076,1909f56bfc062723c751e8b465ee728b)  -> (artifact id: '75a8f39c52a485f915a9aefec3ad2e7f') in 0.055117 seconds 
========================================================================
Received Import Request.
  Time since last request: 0.000065 seconds.
  path: Assets/GothicVania Church/Sprites/Misc/Enemy-Death/Enemy-Death-6.png
  artifactKey: Guid(13f4a1907b0bf431797e44979420ba8d) Importer(815301076,1909f56bfc062723c751e8b465ee728b)
Start importing Assets/GothicVania Church/Sprites/Misc/Enemy-Death/Enemy-Death-6.png using Guid(13f4a1907b0bf431797e44979420ba8d) Importer(815301076,1909f56bfc062723c751e8b465ee728b)  -> (artifact id: '311d6deaddec429c918670e9609f112a') in 0.013732 seconds 
========================================================================
Received Import Request.
  Time since last request: 0.000046 seconds.
  path: Assets/GothicVania Church/Sprites/Misc/Enemy-Death/Enemy-Death-3.png
  artifactKey: Guid(2bcb30bfe42a24c16b493bfee67b8ef8) Importer(815301076,1909f56bfc062723c751e8b465ee728b)
Start importing Assets/GothicVania Church/Sprites/Misc/Enemy-Death/Enemy-Death-3.png using Guid(2bcb30bfe42a24c16b493bfee67b8ef8) Importer(815301076,1909f56bfc062723c751e8b465ee728b)  -> (artifact id: 'cd09d24d59f908f3171f67d7a99a0c17') in 0.016389 seconds 
========================================================================
Received Import Request.
  Time since last request: 0.000057 seconds.
  path: Assets/GothicVania Church/Sprites/Misc/Enemy-Death/Enemy-Death-7.png
  artifactKey: Guid(e4dfb8af17a354fd4a5278f311c19e03) Importer(815301076,1909f56bfc062723c751e8b465ee728b)
Start importing Assets/GothicVania Church/Sprites/Misc/Enemy-Death/Enemy-Death-7.png using Guid(e4dfb8af17a354fd4a5278f311c19e03) Importer(815301076,1909f56bfc062723c751e8b465ee728b)  -> (artifact id: '125f60aa28184422440c4ebce4594832') in 0.011891 seconds 
========================================================================
Received Import Request.
  Time since last request: 34.370144 seconds.
  path: Assets/GothicVania Church/Sprites/Player/crouch-kick3.png
  artifactKey: Guid(db31431b232124424a04b9deceaffd2e) Importer(815301076,1909f56bfc062723c751e8b465ee728b)
Start importing Assets/GothicVania Church/Sprites/Player/crouch-kick3.png using Guid(db31431b232124424a04b9deceaffd2e) Importer(815301076,1909f56bfc062723c751e8b465ee728b)  -> (artifact id: '3987f9da99d8ef8e6ecc24534889f96a') in 0.013749 seconds 
========================================================================
Received Import Request.
  Time since last request: 0.000059 seconds.
  path: Assets/GothicVania Church/Sprites/Player/flying-kick1.png
  artifactKey: Guid(aa2239ea2d85b4985b011ff36565aedb) Importer(815301076,1909f56bfc062723c751e8b465ee728b)
Start importing Assets/GothicVania Church/Sprites/Player/flying-kick1.png using Guid(aa2239ea2d85b4985b011ff36565aedb) Importer(815301076,1909f56bfc062723c751e8b465ee728b)  -> (artifact id: '934fdea8ebc2050ba046bc00719644b6') in 0.013386 seconds 
========================================================================
Received Import Request.
  Time since last request: 0.000078 seconds.
  path: Assets/GothicVania Church/Sprites/Player/walk3.png
  artifactKey: Guid(79c2c726d52814a1c80e5bb3a4627fd3) Importer(815301076,1909f56bfc062723c751e8b465ee728b)
Start importing Assets/GothicVania Church/Sprites/Player/walk3.png using Guid(79c2c726d52814a1c80e5bb3a4627fd3) Importer(815301076,1909f56bfc062723c751e8b465ee728b)  -> (artifact id: '3b9309bacb3e2904332651782d33b379') in 0.016788 seconds 
========================================================================
Received Import Request.
  Time since last request: 0.000057 seconds.
  path: Assets/GothicVania Church/Sprites/Player/crouch1.png
  artifactKey: Guid(6c12ab0f9f7e045279baad6e5fe695a4) Importer(815301076,1909f56bfc062723c751e8b465ee728b)
Start importing Assets/GothicVania Church/Sprites/Player/crouch1.png using Guid(6c12ab0f9f7e045279baad6e5fe695a4) Importer(815301076,1909f56bfc062723c751e8b465ee728b)  -> (artifact id: '066b8965797ecd5689caf7a4a5a6509e') in 0.013938 seconds 
========================================================================
Received Import Request.
  Time since last request: 0.000070 seconds.
  path: Assets/GothicVania Church/Sprites/Player/fall1.png
  artifactKey: Guid(0a4d0cae07b8f459cbca8363c501cbfb) Importer(815301076,1909f56bfc062723c751e8b465ee728b)
Start importing Assets/GothicVania Church/Sprites/Player/fall1.png using Guid(0a4d0cae07b8f459cbca8363c501cbfb) Importer(815301076,1909f56bfc062723c751e8b465ee728b)  -> (artifact id: 'ad95f6f5e478f4f27ba7dbe0496fbe82') in 0.015530 seconds 
========================================================================
Received Import Request.
  Time since last request: 0.000063 seconds.
  path: Assets/GothicVania Church/Sprites/Player/jump1.png
  artifactKey: Guid(5c862507d62d14de4b3b26ea2191100f) Importer(815301076,1909f56bfc062723c751e8b465ee728b)
Start importing Assets/GothicVania Church/Sprites/Player/jump1.png using Guid(5c862507d62d14de4b3b26ea2191100f) Importer(815301076,1909f56bfc062723c751e8b465ee728b)  -> (artifact id: 'c998b73effafe0262ec5e376c9d8ca9b') in 0.013166 seconds 
========================================================================
Received Import Request.
  Time since last request: 0.000049 seconds.
  path: Assets/GothicVania Church/Sprites/Player/hurt2.png
  artifactKey: Guid(c83d22e2696f0452ca051dfbee91c509) Importer(815301076,1909f56bfc062723c751e8b465ee728b)
Start importing Assets/GothicVania Church/Sprites/Player/hurt2.png using Guid(c83d22e2696f0452ca051dfbee91c509) Importer(815301076,1909f56bfc062723c751e8b465ee728b)  -> (artifact id: 'c022e6f868978355f934ebb986c7e941') in 0.015531 seconds 
========================================================================
Received Import Request.
  Time since last request: 0.000063 seconds.
  path: Assets/GothicVania Church/Sprites/Player/walk1.png
  artifactKey: Guid(dd247f222c6264ca39475b75487a73f5) Importer(815301076,1909f56bfc062723c751e8b465ee728b)
Start importing Assets/GothicVania Church/Sprites/Player/walk1.png using Guid(dd247f222c6264ca39475b75487a73f5) Importer(815301076,1909f56bfc062723c751e8b465ee728b)  -> (artifact id: 'ea71f5485d78cf0b1ff7d9ca28861c29') in 0.014802 seconds 
========================================================================
Received Import Request.
  Time since last request: 0.000048 seconds.
  path: Assets/GothicVania Church/Sprites/Player/jump2.png
  artifactKey: Guid(ca16ace20bd0a4e8fb0eb791a94a52d2) Importer(815301076,1909f56bfc062723c751e8b465ee728b)
Start importing Assets/GothicVania Church/Sprites/Player/jump2.png using Guid(ca16ace20bd0a4e8fb0eb791a94a52d2) Importer(815301076,1909f56bfc062723c751e8b465ee728b)  -> (artifact id: '0d969082e2b7d63d01c12c70fe48aa41') in 0.015286 seconds 
========================================================================
Received Import Request.
  Time since last request: 0.000062 seconds.
  path: Assets/GothicVania Church/Sprites/Player/walk6.png
  artifactKey: Guid(6d15c03edf63546959ebef5c555dc1b2) Importer(815301076,1909f56bfc062723c751e8b465ee728b)
Start importing Assets/GothicVania Church/Sprites/Player/walk6.png using Guid(6d15c03edf63546959ebef5c555dc1b2) Importer(815301076,1909f56bfc062723c751e8b465ee728b)  -> (artifact id: '216484dcaecf256563bda7e98d65eeeb') in 0.012988 seconds 
========================================================================
Received Import Request.
  Time since last request: 0.000065 seconds.
  path: Assets/GothicVania Church/Sprites/Player/walk4.png
  artifactKey: Guid(afbdf7087d4a245c4b7e071b61787f94) Importer(815301076,1909f56bfc062723c751e8b465ee728b)
Start importing Assets/GothicVania Church/Sprites/Player/walk4.png using Guid(afbdf7087d4a245c4b7e071b61787f94) Importer(815301076,1909f56bfc062723c751e8b465ee728b)  -> (artifact id: '56836bfe310958d173a68010db7a75ee') in 0.014274 seconds 
========================================================================
Received Import Request.
  Time since last request: 0.000052 seconds.
  path: Assets/GothicVania Church/Sprites/Player/hurt1.png
  artifactKey: Guid(c34d8f018a379485899213a80ea48319) Importer(815301076,1909f56bfc062723c751e8b465ee728b)
Start importing Assets/GothicVania Church/Sprites/Player/hurt1.png using Guid(c34d8f018a379485899213a80ea48319) Importer(815301076,1909f56bfc062723c751e8b465ee728b)  -> (artifact id: '8ea3365229c224c6fc4c07407507e648') in 0.012501 seconds 
========================================================================
Received Import Request.
  Time since last request: 0.000069 seconds.
  path: Assets/GothicVania Church/Sprites/Player/kick1.png
  artifactKey: Guid(9647dcba19d63446aa5f8289b90d9d0d) Importer(815301076,1909f56bfc062723c751e8b465ee728b)
Start importing Assets/GothicVania Church/Sprites/Player/kick1.png using Guid(9647dcba19d63446aa5f8289b90d9d0d) Importer(815301076,1909f56bfc062723c751e8b465ee728b)  -> (artifact id: '977163ab3542e15d3e7ae517b7cc3d39') in 0.014995 seconds 
========================================================================
Received Import Request.
  Time since last request: 0.000053 seconds.
  path: Assets/GothicVania Church/Sprites/Player/punch6.png
  artifactKey: Guid(45d6ae8e156324f6dabb024742201060) Importer(815301076,1909f56bfc062723c751e8b465ee728b)
Start importing Assets/GothicVania Church/Sprites/Player/punch6.png using Guid(45d6ae8e156324f6dabb024742201060) Importer(815301076,1909f56bfc062723c751e8b465ee728b)  -> (artifact id: 'd7ccb16be1960e64f61929e6614b5508') in 0.014445 seconds 
========================================================================
Received Import Request.
  Time since last request: 0.000051 seconds.
  path: Assets/GothicVania Church/Sprites/Player/kick4.png
  artifactKey: Guid(e782e4bf9def54d40b3969040345bad0) Importer(815301076,1909f56bfc062723c751e8b465ee728b)
Start importing Assets/GothicVania Church/Sprites/Player/kick4.png using Guid(e782e4bf9def54d40b3969040345bad0) Importer(815301076,1909f56bfc062723c751e8b465ee728b)  -> (artifact id: 'd78262ee74696015a4ba387dcb1e0dd3') in 0.012339 seconds 
========================================================================
Received Import Request.
  Time since last request: 0.000079 seconds.
  path: Assets/GothicVania Church/Sprites/Player/walk5.png
  artifactKey: Guid(ca4dc75c4cca84658b20e61c406cc5b5) Importer(815301076,1909f56bfc062723c751e8b465ee728b)
Start importing Assets/GothicVania Church/Sprites/Player/walk5.png using Guid(ca4dc75c4cca84658b20e61c406cc5b5) Importer(815301076,1909f56bfc062723c751e8b465ee728b)  -> (artifact id: 'e92fe6ea8bd37688f929f862d0cf17ea') in 0.011721 seconds 
========================================================================
Received Import Request.
  Time since last request: 0.000059 seconds.
  path: Assets/GothicVania Church/Sprites/Player/kick3.png
  artifactKey: Guid(ac71e01c03cf145ccafaa78004bcf4bb) Importer(815301076,1909f56bfc062723c751e8b465ee728b)
Start importing Assets/GothicVania Church/Sprites/Player/kick3.png using Guid(ac71e01c03cf145ccafaa78004bcf4bb) Importer(815301076,1909f56bfc062723c751e8b465ee728b)  -> (artifact id: '8bc153c7d056fbdc07d617398bdbc0e4') in 0.015753 seconds 
========================================================================
Received Import Request.
  Time since last request: 6.987877 seconds.
  path: Assets/GothicVania Church/Sprites/Enemies/Burning-Ghoul/burning-ghoul3.png
  artifactKey: Guid(b610a4c36c47d408183676f30f03d10d) Importer(815301076,1909f56bfc062723c751e8b465ee728b)
Start importing Assets/GothicVania Church/Sprites/Enemies/Burning-Ghoul/burning-ghoul3.png using Guid(b610a4c36c47d408183676f30f03d10d) Importer(815301076,1909f56bfc062723c751e8b465ee728b)  -> (artifact id: '687de8110b70f9f151bef9655387a17d') in 0.014488 seconds 
========================================================================
Received Import Request.
  Time since last request: 0.000051 seconds.
  path: Assets/GothicVania Church/Sprites/Enemies/Burning-Ghoul/burning-ghoul6.png
  artifactKey: Guid(8a0436343c7684990b718c9c08fcc084) Importer(815301076,1909f56bfc062723c751e8b465ee728b)
Start importing Assets/GothicVania Church/Sprites/Enemies/Burning-Ghoul/burning-ghoul6.png using Guid(8a0436343c7684990b718c9c08fcc084) Importer(815301076,1909f56bfc062723c751e8b465ee728b)  -> (artifact id: '304d05d58918fb0b095f5120c9765f70') in 0.016015 seconds 
