Unity Editor version:    2022.1.16f1 (7321c9670bc2)
Branch:                  2022.1/staging
Build type:              Release
Batch mode:              YES
macOS version:           Version 11.2.1 (Build 20D74)
Darwin version:          20.3.0
Architecture:            x86_64
Running under Rosetta:   NO
Available memory:        16384 MB
Using pre-set license
Pro License: YES

COMMAND LINE ARGUMENTS:
/Users/game5/Desktop/2022.1.16f1/Unity.app/Contents/MacOS/Unity
-adb2
-batchMode
-noUpm
-name
AssetImportWorker2
-projectPath
/Users/game5/ZombieReboot
-logFile
Logs/AssetImportWorker2.log
-srvPort
54232
Successfully changed project path to: /Users/game5/ZombieReboot
Could not lock editor preferences. Preferences updates for this instance of Unity will not be saved./Users/game5/ZombieReboot
[UnityMemory] Configuration Parameters - Can be set up in boot.config
    "memorysetup-bucket-allocator-granularity=16"
    "memorysetup-bucket-allocator-bucket-count=8"
    "memorysetup-bucket-allocator-block-size=33554432"
    "memorysetup-bucket-allocator-block-count=8"
    "memorysetup-main-allocator-block-size=16777216"
    "memorysetup-thread-allocator-block-size=16777216"
    "memorysetup-gfx-main-allocator-block-size=16777216"
    "memorysetup-gfx-thread-allocator-block-size=16777216"
    "memorysetup-cache-allocator-block-size=4194304"
    "memorysetup-typetree-allocator-block-size=2097152"
    "memorysetup-profiler-bucket-allocator-granularity=16"
    "memorysetup-profiler-bucket-allocator-bucket-count=8"
    "memorysetup-profiler-bucket-allocator-block-size=33554432"
    "memorysetup-profiler-bucket-allocator-block-count=8"
    "memorysetup-profiler-allocator-block-size=16777216"
    "memorysetup-profiler-editor-allocator-block-size=1048576"
    "memorysetup-temp-allocator-size-main=16777216"
    "memorysetup-job-temp-allocator-block-size=2097152"
    "memorysetup-job-temp-allocator-block-size-background=1048576"
    "memorysetup-job-temp-allocator-reduction-small-platforms=262144"
    "memorysetup-temp-allocator-size-background-worker=32768"
    "memorysetup-temp-allocator-size-job-worker=262144"
    "memorysetup-temp-allocator-size-preload-manager=33554432"
    "memorysetup-temp-allocator-size-nav-mesh-worker=65536"
    "memorysetup-temp-allocator-size-audio-worker=65536"
    "memorysetup-temp-allocator-size-cloud-worker=32768"
    "memorysetup-temp-allocator-size-gi-baking-worker=262144"
    "memorysetup-temp-allocator-size-gfx=262144"
Refreshing native plugins compatible for Editor in 117.61 ms, found 3 plugins.
Preloading 0 native plugins for Editor in 0.00 ms.
Initialize engine version: 2022.1.16f1 (7321c9670bc2)
[Subsystems] Discovering subsystems at path /Users/game5/Desktop/2022.1.16f1/Unity.app/Contents/Resources/UnitySubsystems
[Subsystems] Discovering subsystems at path /Users/game5/ZombieReboot/Assets
GfxDevice: creating device client; threaded=0; jobified=0
iMac preferred device: AMD Radeon Pro 5500 XT (high power)
Metal devices available: 1
0: AMD Radeon Pro 5500 XT (high power)
Using device AMD Radeon Pro 5500 XT (high power)
Initializing Metal device caps: AMD Radeon Pro 5500 XT
Initialize mono
Mono path[0] = '/Users/game5/Desktop/2022.1.16f1/Unity.app/Contents/Managed'
Mono path[1] = '/Users/game5/Desktop/2022.1.16f1/Unity.app/Contents/MonoBleedingEdge/lib/mono/unityjit-macos'
Mono config path = '/Users/game5/Desktop/2022.1.16f1/Unity.app/Contents/MonoBleedingEdge/etc'
Using monoOptions --debugger-agent=transport=dt_socket,embedding=1,server=y,suspend=n,address=127.0.0.1:56409
Begin MonoManager ReloadAssembly
Registering precompiled unity dll's ...
Register platform support module: /Users/game5/Desktop/2022.1.16f1/Unity.app/Contents/PlaybackEngines/MacStandaloneSupport/UnityEditor.OSXStandalone.Extensions.dll
Register platform support module: /Users/game5/Desktop/2022.1.16f1/PlaybackEngines/WindowsStandaloneSupport/UnityEditor.WindowsStandalone.Extensions.dll
Registered in 0.004015 seconds.
Native extension for WindowsStandalone target not found
Native extension for OSXStandalone target not found
Refreshing native plugins compatible for Editor in 104.81 ms, found 3 plugins.
Preloading 0 native plugins for Editor in 0.00 ms.
Mono: successfully reloaded assembly
- Completed reload, in  0.811 seconds
Domain Reload Profiling:
	ReloadAssembly (811ms)
		BeginReloadAssembly (118ms)
			ExecutionOrderSort (0ms)
			DisableScriptedObjects (0ms)
			BackupInstance (0ms)
			ReleaseScriptingObjects (0ms)
			CreateAndSetChildDomain (1ms)
		EndReloadAssembly (573ms)
			LoadAssemblies (120ms)
			RebuildTransferFunctionScriptingTraits (0ms)
			SetupTypeCache (175ms)
				TypeCache.Initialize (175ms)
					TypeCache.ScanAssembly (173ms)
				ResolveRequiredComponents (0ms)
			ReleaseScriptCaches (0ms)
			RebuildScriptCaches (34ms)
			SetupLoadedEditorAssemblies (306ms)
				LogAssemblyErrors (0ms)
				InitializePlatformSupportModulesInManaged (8ms)
				SetLoadedEditorAssemblies (7ms)
				RefreshPlugins (105ms)
				BeforeProcessingInitializeOnLoad (2ms)
				ProcessInitializeOnLoadAttributes (139ms)
				ProcessInitializeOnLoadMethodAttributes (45ms)
				AfterProcessingInitializeOnLoad (0ms)
				EditorAssembliesLoaded (0ms)
			ExecutionOrderSort2 (0ms)
			AwakeInstancesAfterBackupRestoration (0ms)
Platform modules already initialized, skipping
Registering precompiled user dll's ...
Registered in 0.007594 seconds.
Begin MonoManager ReloadAssembly
Symbol file LoadedFromMemory doesn't match image /Users/game5/ZombieReboot/Library/PackageCache/com.unity.visualscripting@1.7.8/Editor/VisualScripting.Core/Dependencies/YamlDotNet/Unity.VisualScripting.YamlDotNet.dll
Symbol file LoadedFromMemory doesn't match image /Users/game5/ZombieReboot/Library/PackageCache/com.unity.visualscripting@1.7.8/Editor/VisualScripting.Core/Dependencies/DotNetZip/Unity.VisualScripting.IonicZip.dll
Native extension for WindowsStandalone target not found
Native extension for OSXStandalone target not found
Refreshing native plugins compatible for Editor in 106.77 ms, found 3 plugins.
Preloading 0 native plugins for Editor in 0.00 ms.
Mono: successfully reloaded assembly
- Completed reload, in  1.524 seconds
Domain Reload Profiling:
	ReloadAssembly (1525ms)
		BeginReloadAssembly (118ms)
			ExecutionOrderSort (0ms)
			DisableScriptedObjects (6ms)
			BackupInstance (0ms)
			ReleaseScriptingObjects (0ms)
			CreateAndSetChildDomain (29ms)
		EndReloadAssembly (1281ms)
			LoadAssemblies (147ms)
			RebuildTransferFunctionScriptingTraits (0ms)
			SetupTypeCache (340ms)
				TypeCache.Initialize (325ms)
					TypeCache.ScanAssembly (321ms)
				ResolveRequiredComponents (15ms)
			ReleaseScriptCaches (1ms)
			RebuildScriptCaches (80ms)
			SetupLoadedEditorAssemblies (650ms)
				LogAssemblyErrors (0ms)
				InitializePlatformSupportModulesInManaged (4ms)
				SetLoadedEditorAssemblies (8ms)
				RefreshPlugins (107ms)
				BeforeProcessingInitializeOnLoad (112ms)
				ProcessInitializeOnLoadAttributes (314ms)
				ProcessInitializeOnLoadMethodAttributes (104ms)
				AfterProcessingInitializeOnLoad (1ms)
				EditorAssembliesLoaded (0ms)
			ExecutionOrderSort2 (0ms)
			AwakeInstancesAfterBackupRestoration (4ms)
Platform modules already initialized, skipping
========================================================================
Worker process is ready to serve import requests
Launching external process: /Users/game5/Desktop/2022.1.16f1/Unity.app/Contents/Tools/UnityShaderCompiler
Launched and connected shader compiler UnityShaderCompiler after 0.01 seconds
Refreshing native plugins compatible for Editor in 0.84 ms, found 3 plugins.
Preloading 0 native plugins for Editor in 0.00 ms.
Unloading 5539 Unused Serialized files (Serialized files now loaded: 0)
Unloading 45 unused Assets / (0.8 MB). Loaded Objects now: 5991.
Memory consumption went from 0.97 GB to 0.97 GB.
Total: 4.367545 ms (FindLiveObjects: 0.432319 ms CreateObjectMapping: 0.614189 ms MarkObjects: 2.961864 ms  DeleteObjects: 0.358533 ms)

AssetImportParameters requested are different than current active one (requested -> active):
  custom:video-decoder-ogg-theora: a1e56fd34408186e4bbccfd4996cb3dc -> 
  custom:container-muxer-webm: aa71ff27fc2769a1b78a27578f13a17b -> 
  custom:container-demuxer-webm: 4f35f7cbe854078d1ac9338744f61a02 -> 
  custom:video-encoder-webm-vp8: eb34c28f22e8b96e1ab97ce403110664 -> 
  custom:framework-osx-AVFoundation: e770b220cccbd017edd2c1fefb359320 -> 
  custom:audio-encoder-webm-vorbis: bf7c407c2cedff20999df2af8eb42d56 -> 
  custom:container-demuxer-ogg: 62fdf1f143b41e24485cea50d1cbac27 -> 
  custom:video-decoder-webm-vp8: 9c59270c3fd7afecdb556c50c9e8de78 -> 
  custom:audio-decoder-ogg-vorbis: bf7c407c2cedff20999df2af8eb42d56 -> 
========================================================================
Received Import Request.
  Time since last request: 85077.117594 seconds.
  path: Assets/Gothicvania-Town/Art/Environment/sliced-tileset/ground.png
  artifactKey: Guid(4aa0a50e546194c289de175afdd9e097) Importer(815301076,1909f56bfc062723c751e8b465ee728b)
Start importing Assets/Gothicvania-Town/Art/Environment/sliced-tileset/ground.png using Guid(4aa0a50e546194c289de175afdd9e097) Importer(815301076,1909f56bfc062723c751e8b465ee728b)  -> (artifact id: '2232d35ba6a3e36e885ba2227396ddb4') in 1.222710 seconds 
========================================================================
Received Import Request.
  Time since last request: 25.967212 seconds.
  path: Assets/Scrips
  artifactKey: Guid(da34c512b74374341ba410e383627fb2) Importer(815301076,1909f56bfc062723c751e8b465ee728b)
Start importing Assets/Scrips using Guid(da34c512b74374341ba410e383627fb2) Importer(815301076,1909f56bfc062723c751e8b465ee728b)  -> (artifact id: '65a6b8bcb1bc218f4e2f26149f5d5965') in 0.001667 seconds 
========================================================================
Received Import Request.
  Time since last request: 5.073567 seconds.
  path: Assets/Cinema.cs
  artifactKey: Guid(48526df6cc7c941a38aa38322378a2e5) Importer(815301076,1909f56bfc062723c751e8b465ee728b)
Start importing Assets/Cinema.cs using Guid(48526df6cc7c941a38aa38322378a2e5) Importer(815301076,1909f56bfc062723c751e8b465ee728b)  -> (artifact id: '11d2e8507ec42f517d55301e5138678c') in 0.344868 seconds 
========================================================================
Received Prepare
Registering precompiled user dll's ...
Registered in 0.002823 seconds.
Begin MonoManager ReloadAssembly
Symbol file LoadedFromMemory doesn't match image /Users/game5/ZombieReboot/Library/PackageCache/com.unity.visualscripting@1.7.8/Editor/VisualScripting.Core/Dependencies/YamlDotNet/Unity.VisualScripting.YamlDotNet.dll
Symbol file LoadedFromMemory doesn't match image /Users/game5/ZombieReboot/Library/PackageCache/com.unity.visualscripting@1.7.8/Editor/VisualScripting.Core/Dependencies/DotNetZip/Unity.VisualScripting.IonicZip.dll
Native extension for WindowsStandalone target not found
Native extension for OSXStandalone target not found
Refreshing native plugins compatible for Editor in 0.88 ms, found 3 plugins.
Preloading 0 native plugins for Editor in 0.00 ms.
Mono: successfully reloaded assembly
- Completed reload, in  1.394 seconds
Domain Reload Profiling:
	ReloadAssembly (1395ms)
		BeginReloadAssembly (165ms)
			ExecutionOrderSort (0ms)
			DisableScriptedObjects (8ms)
			BackupInstance (0ms)
			ReleaseScriptingObjects (0ms)
			CreateAndSetChildDomain (74ms)
		EndReloadAssembly (1124ms)
			LoadAssemblies (96ms)
			RebuildTransferFunctionScriptingTraits (0ms)
			SetupTypeCache (350ms)
				TypeCache.Initialize (336ms)
					TypeCache.ScanAssembly (331ms)
				ResolveRequiredComponents (15ms)
			ReleaseScriptCaches (2ms)
			RebuildScriptCaches (69ms)
			SetupLoadedEditorAssemblies (542ms)
				LogAssemblyErrors (0ms)
				InitializePlatformSupportModulesInManaged (11ms)
				SetLoadedEditorAssemblies (9ms)
				RefreshPlugins (1ms)
				BeforeProcessingInitializeOnLoad (87ms)
				ProcessInitializeOnLoadAttributes (327ms)
				ProcessInitializeOnLoadMethodAttributes (107ms)
				AfterProcessingInitializeOnLoad (1ms)
				EditorAssembliesLoaded (0ms)
			ExecutionOrderSort2 (0ms)
			AwakeInstancesAfterBackupRestoration (7ms)
Platform modules already initialized, skipping
Refreshing native plugins compatible for Editor in 1.95 ms, found 3 plugins.
Preloading 0 native plugins for Editor in 0.00 ms.
Unloading 5461 Unused Serialized files (Serialized files now loaded: 0)
Unloading 32 unused Assets / (0.7 MB). Loaded Objects now: 6000.
Memory consumption went from 0.97 GB to 0.97 GB.
Total: 5.211825 ms (FindLiveObjects: 0.491235 ms CreateObjectMapping: 0.513018 ms MarkObjects: 3.799215 ms  DeleteObjects: 0.407323 ms)

AssetImportParameters requested are different than current active one (requested -> active):
  custom:video-decoder-ogg-theora: a1e56fd34408186e4bbccfd4996cb3dc -> 
  custom:container-muxer-webm: aa71ff27fc2769a1b78a27578f13a17b -> 
  custom:container-demuxer-webm: 4f35f7cbe854078d1ac9338744f61a02 -> 
  custom:video-encoder-webm-vp8: eb34c28f22e8b96e1ab97ce403110664 -> 
  custom:framework-osx-AVFoundation: e770b220cccbd017edd2c1fefb359320 -> 
  custom:audio-encoder-webm-vorbis: bf7c407c2cedff20999df2af8eb42d56 -> 
  custom:container-demuxer-ogg: 62fdf1f143b41e24485cea50d1cbac27 -> 
  custom:video-decoder-webm-vp8: 9c59270c3fd7afecdb556c50c9e8de78 -> 
  custom:audio-decoder-ogg-vorbis: bf7c407c2cedff20999df2af8eb42d56 -> 
========================================================================
Received Prepare
Registering precompiled user dll's ...
Registered in 0.002886 seconds.
Begin MonoManager ReloadAssembly
Symbol file LoadedFromMemory doesn't match image /Users/game5/ZombieReboot/Library/PackageCache/com.unity.visualscripting@1.7.8/Editor/VisualScripting.Core/Dependencies/YamlDotNet/Unity.VisualScripting.YamlDotNet.dll
Symbol file LoadedFromMemory doesn't match image /Users/game5/ZombieReboot/Library/PackageCache/com.unity.visualscripting@1.7.8/Editor/VisualScripting.Core/Dependencies/DotNetZip/Unity.VisualScripting.IonicZip.dll
Native extension for WindowsStandalone target not found
Native extension for OSXStandalone target not found
Refreshing native plugins compatible for Editor in 1.03 ms, found 3 plugins.
Preloading 0 native plugins for Editor in 0.00 ms.
Mono: successfully reloaded assembly
- Completed reload, in  1.321 seconds
Domain Reload Profiling:
	ReloadAssembly (1322ms)
		BeginReloadAssembly (158ms)
			ExecutionOrderSort (0ms)
			DisableScriptedObjects (7ms)
			BackupInstance (0ms)
			ReleaseScriptingObjects (0ms)
			CreateAndSetChildDomain (71ms)
		EndReloadAssembly (1059ms)
			LoadAssemblies (88ms)
			RebuildTransferFunctionScriptingTraits (0ms)
			SetupTypeCache (334ms)
				TypeCache.Initialize (319ms)
					TypeCache.ScanAssembly (314ms)
				ResolveRequiredComponents (15ms)
			ReleaseScriptCaches (3ms)
			RebuildScriptCaches (65ms)
			SetupLoadedEditorAssemblies (503ms)
				LogAssemblyErrors (0ms)
				InitializePlatformSupportModulesInManaged (11ms)
				SetLoadedEditorAssemblies (9ms)
				RefreshPlugins (1ms)
				BeforeProcessingInitializeOnLoad (88ms)
				ProcessInitializeOnLoadAttributes (293ms)
				ProcessInitializeOnLoadMethodAttributes (100ms)
				AfterProcessingInitializeOnLoad (1ms)
				EditorAssembliesLoaded (0ms)
			ExecutionOrderSort2 (0ms)
			AwakeInstancesAfterBackupRestoration (7ms)
Platform modules already initialized, skipping
Refreshing native plugins compatible for Editor in 2.72 ms, found 3 plugins.
Preloading 0 native plugins for Editor in 0.00 ms.
Unloading 5461 Unused Serialized files (Serialized files now loaded: 0)
Unloading 32 unused Assets / (0.7 MB). Loaded Objects now: 6003.
Memory consumption went from 0.97 GB to 0.97 GB.
Total: 5.817242 ms (FindLiveObjects: 0.665458 ms CreateObjectMapping: 0.778907 ms MarkObjects: 3.909395 ms  DeleteObjects: 0.462175 ms)

AssetImportParameters requested are different than current active one (requested -> active):
  custom:video-decoder-ogg-theora: a1e56fd34408186e4bbccfd4996cb3dc -> 
  custom:container-muxer-webm: aa71ff27fc2769a1b78a27578f13a17b -> 
  custom:container-demuxer-webm: 4f35f7cbe854078d1ac9338744f61a02 -> 
  custom:video-encoder-webm-vp8: eb34c28f22e8b96e1ab97ce403110664 -> 
  custom:framework-osx-AVFoundation: e770b220cccbd017edd2c1fefb359320 -> 
  custom:audio-encoder-webm-vorbis: bf7c407c2cedff20999df2af8eb42d56 -> 
  custom:container-demuxer-ogg: 62fdf1f143b41e24485cea50d1cbac27 -> 
  custom:video-decoder-webm-vp8: 9c59270c3fd7afecdb556c50c9e8de78 -> 
  custom:audio-decoder-ogg-vorbis: bf7c407c2cedff20999df2af8eb42d56 -> 
========================================================================
Received Prepare
Registering precompiled user dll's ...
Registered in 0.002979 seconds.
Begin MonoManager ReloadAssembly
Symbol file LoadedFromMemory doesn't match image /Users/game5/ZombieReboot/Library/PackageCache/com.unity.visualscripting@1.7.8/Editor/VisualScripting.Core/Dependencies/YamlDotNet/Unity.VisualScripting.YamlDotNet.dll
Symbol file LoadedFromMemory doesn't match image /Users/game5/ZombieReboot/Library/PackageCache/com.unity.visualscripting@1.7.8/Editor/VisualScripting.Core/Dependencies/DotNetZip/Unity.VisualScripting.IonicZip.dll
Native extension for WindowsStandalone target not found
Native extension for OSXStandalone target not found
Refreshing native plugins compatible for Editor in 0.83 ms, found 3 plugins.
Preloading 0 native plugins for Editor in 0.00 ms.
Mono: successfully reloaded assembly
- Completed reload, in  1.297 seconds
Domain Reload Profiling:
	ReloadAssembly (1298ms)
		BeginReloadAssembly (151ms)
			ExecutionOrderSort (0ms)
			DisableScriptedObjects (8ms)
			BackupInstance (0ms)
			ReleaseScriptingObjects (0ms)
			CreateAndSetChildDomain (70ms)
		EndReloadAssembly (1042ms)
			LoadAssemblies (82ms)
			RebuildTransferFunctionScriptingTraits (0ms)
			SetupTypeCache (331ms)
				TypeCache.Initialize (317ms)
					TypeCache.ScanAssembly (312ms)
				ResolveRequiredComponents (15ms)
			ReleaseScriptCaches (3ms)
			RebuildScriptCaches (80ms)
			SetupLoadedEditorAssemblies (481ms)
				LogAssemblyErrors (0ms)
				InitializePlatformSupportModulesInManaged (11ms)
				SetLoadedEditorAssemblies (9ms)
				RefreshPlugins (1ms)
				BeforeProcessingInitializeOnLoad (83ms)
				ProcessInitializeOnLoadAttributes (282ms)
				ProcessInitializeOnLoadMethodAttributes (94ms)
				AfterProcessingInitializeOnLoad (1ms)
				EditorAssembliesLoaded (0ms)
			ExecutionOrderSort2 (0ms)
			AwakeInstancesAfterBackupRestoration (6ms)
Platform modules already initialized, skipping
Refreshing native plugins compatible for Editor in 1.58 ms, found 3 plugins.
Preloading 0 native plugins for Editor in 0.00 ms.
Unloading 5461 Unused Serialized files (Serialized files now loaded: 0)
Unloading 32 unused Assets / (0.7 MB). Loaded Objects now: 6006.
Memory consumption went from 0.97 GB to 0.97 GB.
Total: 3.752966 ms (FindLiveObjects: 0.319115 ms CreateObjectMapping: 0.403376 ms MarkObjects: 2.702888 ms  DeleteObjects: 0.326945 ms)

AssetImportParameters requested are different than current active one (requested -> active):
  custom:video-decoder-ogg-theora: a1e56fd34408186e4bbccfd4996cb3dc -> 
  custom:container-muxer-webm: aa71ff27fc2769a1b78a27578f13a17b -> 
  custom:container-demuxer-webm: 4f35f7cbe854078d1ac9338744f61a02 -> 
  custom:video-encoder-webm-vp8: eb34c28f22e8b96e1ab97ce403110664 -> 
  custom:framework-osx-AVFoundation: e770b220cccbd017edd2c1fefb359320 -> 
  custom:audio-encoder-webm-vorbis: bf7c407c2cedff20999df2af8eb42d56 -> 
  custom:container-demuxer-ogg: 62fdf1f143b41e24485cea50d1cbac27 -> 
  custom:video-decoder-webm-vp8: 9c59270c3fd7afecdb556c50c9e8de78 -> 
  custom:audio-decoder-ogg-vorbis: bf7c407c2cedff20999df2af8eb42d56 -> 
========================================================================
Received Import Request.
  Time since last request: 43.344911 seconds.
  path: Assets/GothicVania Church/Scenes
  artifactKey: Guid(c471a090adba445bbab4912744c42f24) Importer(815301076,1909f56bfc062723c751e8b465ee728b)
Start importing Assets/GothicVania Church/Scenes using Guid(c471a090adba445bbab4912744c42f24) Importer(815301076,1909f56bfc062723c751e8b465ee728b)  -> (artifact id: '8f6bc2d6764c15db0f889b1b06d27350') in 0.001745 seconds 
========================================================================
Received Import Request.
  Time since last request: 0.883129 seconds.
  path: Assets/GothicVania Church/Sprites
  artifactKey: Guid(da08416cc812547178a26bc586017b5b) Importer(815301076,1909f56bfc062723c751e8b465ee728b)
Start importing Assets/GothicVania Church/Sprites using Guid(da08416cc812547178a26bc586017b5b) Importer(815301076,1909f56bfc062723c751e8b465ee728b)  -> (artifact id: 'e671afbf3655b88fe43972b45c255470') in 0.000935 seconds 
========================================================================
Received Import Request.
  Time since last request: 4.023820 seconds.
  path: Assets/GothicVania Church/Sprites/Misc/Enemy-Death/Enemy-Death-1.png
  artifactKey: Guid(f81c1c89a83ed49ba9dc43e5434a3531) Importer(815301076,1909f56bfc062723c751e8b465ee728b)
Start importing Assets/GothicVania Church/Sprites/Misc/Enemy-Death/Enemy-Death-1.png using Guid(f81c1c89a83ed49ba9dc43e5434a3531) Importer(815301076,1909f56bfc062723c751e8b465ee728b)  -> (artifact id: 'ff15b23efddee792080fd24e175b1e8f') in 0.055207 seconds 
========================================================================
Received Import Request.
  Time since last request: 0.000066 seconds.
  path: Assets/GothicVania Church/Sprites/Misc/Enemy-Death/Enemy-Death-4.png
  artifactKey: Guid(30e4f85892c46449cbd4ea836c389c9b) Importer(815301076,1909f56bfc062723c751e8b465ee728b)
Start importing Assets/GothicVania Church/Sprites/Misc/Enemy-Death/Enemy-Death-4.png using Guid(30e4f85892c46449cbd4ea836c389c9b) Importer(815301076,1909f56bfc062723c751e8b465ee728b)  -> (artifact id: 'dcb6f69a2c710b509253915c68346871') in 0.013690 seconds 
========================================================================
Received Import Request.
  Time since last request: 0.000056 seconds.
  path: Assets/GothicVania Church/Sprites/Misc/Enemy-Death/Enemy-Death-5.png
  artifactKey: Guid(57845e207a697433b92e3aba240a4b2a) Importer(815301076,1909f56bfc062723c751e8b465ee728b)
Start importing Assets/GothicVania Church/Sprites/Misc/Enemy-Death/Enemy-Death-5.png using Guid(57845e207a697433b92e3aba240a4b2a) Importer(815301076,1909f56bfc062723c751e8b465ee728b)  -> (artifact id: 'a938ac08183afc5aadab82150ec7798d') in 0.017189 seconds 
========================================================================
Received Import Request.
  Time since last request: 34.388519 seconds.
  path: Assets/GothicVania Church/Sprites/Player/crouch-kick2.png
  artifactKey: Guid(5588a1d29d5ee4a0abd8709439dd6bf1) Importer(815301076,1909f56bfc062723c751e8b465ee728b)
Start importing Assets/GothicVania Church/Sprites/Player/crouch-kick2.png using Guid(5588a1d29d5ee4a0abd8709439dd6bf1) Importer(815301076,1909f56bfc062723c751e8b465ee728b)  -> (artifact id: 'b8d56bacded08cc953b948e018bb4a51') in 0.014470 seconds 
========================================================================
Received Import Request.
  Time since last request: 0.000054 seconds.
  path: Assets/GothicVania Church/Sprites/Player/idle4.png
  artifactKey: Guid(563556f49d526459caa611ebd16ba049) Importer(815301076,1909f56bfc062723c751e8b465ee728b)
Start importing Assets/GothicVania Church/Sprites/Player/idle4.png using Guid(563556f49d526459caa611ebd16ba049) Importer(815301076,1909f56bfc062723c751e8b465ee728b)  -> (artifact id: '7a05b055a342788b2847c68627583ecf') in 0.014605 seconds 
========================================================================
Received Import Request.
  Time since last request: 0.000071 seconds.
  path: Assets/GothicVania Church/Sprites/Player/fall2.png
  artifactKey: Guid(17e914b2075b74d86afa9a2db24bede8) Importer(815301076,1909f56bfc062723c751e8b465ee728b)
Start importing Assets/GothicVania Church/Sprites/Player/fall2.png using Guid(17e914b2075b74d86afa9a2db24bede8) Importer(815301076,1909f56bfc062723c751e8b465ee728b)  -> (artifact id: '31bae15abcb5a67c817e8d2852275581') in 0.017167 seconds 
========================================================================
Received Import Request.
  Time since last request: 0.000048 seconds.
  path: Assets/GothicVania Church/Sprites/Player/punch2.png
  artifactKey: Guid(2b7a26e786ce647949fe93bc248c77ea) Importer(815301076,1909f56bfc062723c751e8b465ee728b)
Start importing Assets/GothicVania Church/Sprites/Player/punch2.png using Guid(2b7a26e786ce647949fe93bc248c77ea) Importer(815301076,1909f56bfc062723c751e8b465ee728b)  -> (artifact id: 'eb7c5f4bc8935b19eefd9ae837977a05') in 0.014273 seconds 
========================================================================
Received Import Request.
  Time since last request: 0.000060 seconds.
  path: Assets/GothicVania Church/Sprites/Player/idle3.png
  artifactKey: Guid(f9c37e6f72a5d4187af8f85c69a03557) Importer(815301076,1909f56bfc062723c751e8b465ee728b)
Start importing Assets/GothicVania Church/Sprites/Player/idle3.png using Guid(f9c37e6f72a5d4187af8f85c69a03557) Importer(815301076,1909f56bfc062723c751e8b465ee728b)  -> (artifact id: '6476de13970c4c6c226ec129fe7b4dfb') in 0.015294 seconds 
========================================================================
Received Import Request.
  Time since last request: 0.000060 seconds.
  path: Assets/GothicVania Church/Sprites/Player/punch4.png
  artifactKey: Guid(aab807ebc17334cb29e119f602ccf1b0) Importer(815301076,1909f56bfc062723c751e8b465ee728b)
Start importing Assets/GothicVania Church/Sprites/Player/punch4.png using Guid(aab807ebc17334cb29e119f602ccf1b0) Importer(815301076,1909f56bfc062723c751e8b465ee728b)  -> (artifact id: '992e29610418072be1ebcbceb96bb58d') in 0.014433 seconds 
========================================================================
Received Import Request.
  Time since last request: 0.000082 seconds.
  path: Assets/GothicVania Church/Sprites/Player/kick5.png
  artifactKey: Guid(13e9ff82fb53f43fa9e7d9940ad8ac71) Importer(815301076,1909f56bfc062723c751e8b465ee728b)
Start importing Assets/GothicVania Church/Sprites/Player/kick5.png using Guid(13e9ff82fb53f43fa9e7d9940ad8ac71) Importer(815301076,1909f56bfc062723c751e8b465ee728b)  -> (artifact id: 'f6029930bf6c4bcedaeb64fcd3a41959') in 0.013508 seconds 
========================================================================
Received Import Request.
  Time since last request: 0.000063 seconds.
  path: Assets/GothicVania Church/Sprites/Player/idle1.png
  artifactKey: Guid(fdb550509659347d4b4c37d05c566ad2) Importer(815301076,1909f56bfc062723c751e8b465ee728b)
Start importing Assets/GothicVania Church/Sprites/Player/idle1.png using Guid(fdb550509659347d4b4c37d05c566ad2) Importer(815301076,1909f56bfc062723c751e8b465ee728b)  -> (artifact id: '3e360729017872a35e1a7ab9c2d61a63') in 0.013699 seconds 
========================================================================
Received Import Request.
  Time since last request: 0.000059 seconds.
  path: Assets/GothicVania Church/Sprites/Player/punch5.png
  artifactKey: Guid(00f02830bc19842adbcc4fcde20eb341) Importer(815301076,1909f56bfc062723c751e8b465ee728b)
Start importing Assets/GothicVania Church/Sprites/Player/punch5.png using Guid(00f02830bc19842adbcc4fcde20eb341) Importer(815301076,1909f56bfc062723c751e8b465ee728b)  -> (artifact id: '1228c16d37a54e3bc965c8998a1905c2') in 0.013412 seconds 
========================================================================
Received Import Request.
  Time since last request: 0.000070 seconds.
  path: Assets/GothicVania Church/Sprites/Player/walk2.png
  artifactKey: Guid(2298eed038e8b4a3089b59aae0afbbe7) Importer(815301076,1909f56bfc062723c751e8b465ee728b)
Start importing Assets/GothicVania Church/Sprites/Player/walk2.png using Guid(2298eed038e8b4a3089b59aae0afbbe7) Importer(815301076,1909f56bfc062723c751e8b465ee728b)  -> (artifact id: '3993a4d25de02736a450a0f867c266f2') in 0.014157 seconds 
========================================================================
Received Import Request.
  Time since last request: 0.000069 seconds.
  path: Assets/GothicVania Church/Sprites/Player/crouch-kick5.png
  artifactKey: Guid(a2debfac0934c41acaa22fdbb78c2948) Importer(815301076,1909f56bfc062723c751e8b465ee728b)
Start importing Assets/GothicVania Church/Sprites/Player/crouch-kick5.png using Guid(a2debfac0934c41acaa22fdbb78c2948) Importer(815301076,1909f56bfc062723c751e8b465ee728b)  -> (artifact id: 'f3ad46c47ec2ab3409f761c32d5cbf71') in 0.013938 seconds 
========================================================================
Received Import Request.
  Time since last request: 0.000054 seconds.
  path: Assets/GothicVania Church/Sprites/Player/crouch2.png
  artifactKey: Guid(c335d4c1b5ba44c11b0b64dc7564f844) Importer(815301076,1909f56bfc062723c751e8b465ee728b)
Start importing Assets/GothicVania Church/Sprites/Player/crouch2.png using Guid(c335d4c1b5ba44c11b0b64dc7564f844) Importer(815301076,1909f56bfc062723c751e8b465ee728b)  -> (artifact id: 'e206bc48744ede0a697d63de429d85cd') in 0.014459 seconds 
========================================================================
Received Import Request.
  Time since last request: 0.000052 seconds.
  path: Assets/GothicVania Church/Sprites/Player/punch3.png
  artifactKey: Guid(978f3b887382f4ea7bb4a05ccae8d671) Importer(815301076,1909f56bfc062723c751e8b465ee728b)
Start importing Assets/GothicVania Church/Sprites/Player/punch3.png using Guid(978f3b887382f4ea7bb4a05ccae8d671) Importer(815301076,1909f56bfc062723c751e8b465ee728b)  -> (artifact id: '057012932d56fd22e3fc6928c268382d') in 0.013896 seconds 
========================================================================
Received Import Request.
  Time since last request: 0.000059 seconds.
  path: Assets/GothicVania Church/Sprites/Player/kick2.png
  artifactKey: Guid(4d598155a80214f94afdb6008f1f3d66) Importer(815301076,1909f56bfc062723c751e8b465ee728b)
Start importing Assets/GothicVania Church/Sprites/Player/kick2.png using Guid(4d598155a80214f94afdb6008f1f3d66) Importer(815301076,1909f56bfc062723c751e8b465ee728b)  -> (artifact id: '38182323a953389341344f4c064c4edc') in 0.015982 seconds 
========================================================================
Received Import Request.
  Time since last request: 0.000053 seconds.
  path: Assets/GothicVania Church/Sprites/Player/idle2.png
  artifactKey: Guid(644d0c456f11e4f3a8bfed6bd6c62e5e) Importer(815301076,1909f56bfc062723c751e8b465ee728b)
Start importing Assets/GothicVania Church/Sprites/Player/idle2.png using Guid(644d0c456f11e4f3a8bfed6bd6c62e5e) Importer(815301076,1909f56bfc062723c751e8b465ee728b)  -> (artifact id: '70222cba2a533788458535d662a72aa4') in 0.012850 seconds 
========================================================================
Received Import Request.
  Time since last request: 0.000054 seconds.
  path: Assets/GothicVania Church/Sprites/Player/punch1.png
  artifactKey: Guid(8c2b057cc49584bffb4781471ebcc7ab) Importer(815301076,1909f56bfc062723c751e8b465ee728b)
Start importing Assets/GothicVania Church/Sprites/Player/punch1.png using Guid(8c2b057cc49584bffb4781471ebcc7ab) Importer(815301076,1909f56bfc062723c751e8b465ee728b)  -> (artifact id: '0efcd2224f6f7ca9868adcc3acec22ee') in 0.012373 seconds 
========================================================================
Received Import Request.
  Time since last request: 0.000055 seconds.
  path: Assets/GothicVania Church/Sprites/Player/flying-kick2.png
  artifactKey: Guid(89eb02d4b3eb54763977e974b7c54a9b) Importer(815301076,1909f56bfc062723c751e8b465ee728b)
Start importing Assets/GothicVania Church/Sprites/Player/flying-kick2.png using Guid(89eb02d4b3eb54763977e974b7c54a9b) Importer(815301076,1909f56bfc062723c751e8b465ee728b)  -> (artifact id: 'ade655e43430001c3bf3b6e1965d994b') in 0.015611 seconds 
========================================================================
Received Import Request.
  Time since last request: 6.987932 seconds.
  path: Assets/GothicVania Church/Sprites/Enemies/Burning-Ghoul/burning-ghoul2.png
  artifactKey: Guid(4daa8d9424fb449af8be4f99d6688c8d) Importer(815301076,1909f56bfc062723c751e8b465ee728b)
Start importing Assets/GothicVania Church/Sprites/Enemies/Burning-Ghoul/burning-ghoul2.png using Guid(4daa8d9424fb449af8be4f99d6688c8d) Importer(815301076,1909f56bfc062723c751e8b465ee728b)  -> (artifact id: 'a1ee0e867db603811ca88160b1baa432') in 0.014981 seconds 
========================================================================
Received Import Request.
  Time since last request: 0.000065 seconds.
  path: Assets/GothicVania Church/Sprites/Enemies/Burning-Ghoul/burning-ghoul5.png
  artifactKey: Guid(a338231a359fb437e8b7793dd9c01504) Importer(815301076,1909f56bfc062723c751e8b465ee728b)
Start importing Assets/GothicVania Church/Sprites/Enemies/Burning-Ghoul/burning-ghoul5.png using Guid(a338231a359fb437e8b7793dd9c01504) Importer(815301076,1909f56bfc062723c751e8b465ee728b)  -> (artifact id: '0b7373bc2d048529d2320ee7238695e3') in 0.016271 seconds 
========================================================================
Received Import Request.
  Time since last request: 538.771297 seconds.
  path: Assets/GothicVania Church/Scenes/SampleScene.unity
  artifactKey: Guid(2cda990e2423bbf4892e6590ba056729) Importer(815301076,1909f56bfc062723c751e8b465ee728b)
Start importing Assets/GothicVania Church/Scenes/SampleScene.unity using Guid(2cda990e2423bbf4892e6590ba056729) Importer(815301076,1909f56bfc062723c751e8b465ee728b)  -> (artifact id: '28ced9078cc9ff44d8d9963ea29b82ca') in 0.001768 seconds 
